# JRE version: OpenJDK Runtime Environment Temurin-17.0.11+9 (17.0.11+9) (build 17.0.11+9)
# Java VM: OpenJDK 64-Bit Server VM Temurin-17.0.11+9 (17.0.11+9, mixed mode, emulated-client, tiered, compressed oops, compressed class ptrs, g1 gc, linux-amd64)
GC Precious Log:
 CPUs: 20 total, 20 available
 Memory: 15803M
 Large Page Support: Disabled
 NUMA Support: Disabled
 Compressed Oops: Enabled (32-bit)
 Heap Region Size: 1M
 Heap Min Capacity: 8M
 Heap Initial Capacity: 248M
 Heap Max Capacity: 1G
 Pre-touch: Disabled
 Parallel Workers: 15
 Concurrent Workers: 4
 Concurrent Refinement Workers: 15
 Periodic GC: Disabled
Heap:
 garbage-first heap   total 91136K, used 62831K [0x00000000c0000000, 0x0000000100000000)
  region size 1024K, 25 young (25600K), 3 survivors (3072K)
 Metaspace       used 58482K, committed 59008K, reserved 1114112K
  class space    used 7345K, committed 7616K, reserved 1048576K
GC Heap History (20 events):
Event: 1.676 GC heap before
{Heap before GC invocations=1 (full 0):
 garbage-first heap   total 253952K, used 39152K [0x00000000c0000000, 0x0000000100000000)
  region size 1024K, 26 young (26624K), 3 survivors (3072K)
 Metaspace       used 14779K, committed 14976K, reserved 1114112K
  class space    used 1869K, committed 1984K, reserved 1048576K
}
Event: 1.683 GC heap after
{Heap after GC invocations=2 (full 0):
 garbage-first heap   total 253952K, used 18225K [0x00000000c0000000, 0x0000000100000000)
  region size 1024K, 3 young (3072K), 3 survivors (3072K)
 Metaspace       used 14779K, committed 14976K, reserved 1114112K
  class space    used 1869K, committed 1984K, reserved 1048576K
}
Event: 2.201 GC heap before
{Heap before GC invocations=2 (full 0):
 garbage-first heap   total 253952K, used 44849K [0x00000000c0000000, 0x0000000100000000)
  region size 1024K, 31 young (31744K), 3 survivors (3072K)
 Metaspace       used 21287K, committed 21504K, reserved 1114112K
  class space    used 2641K, committed 2752K, reserved 1048576K
}
Event: 2.208 GC heap after
{Heap after GC invocations=3 (full 0):
 garbage-first heap   total 253952K, used 20759K [0x00000000c0000000, 0x0000000100000000)
  region size 1024K, 5 young (5120K), 5 survivors (5120K)
 Metaspace       used 21287K, committed 21504K, reserved 1114112K
  class space    used 2641K, committed 2752K, reserved 1048576K
}
Event: 2.899 GC heap before
{Heap before GC invocations=4 (full 0):
 garbage-first heap   total 75776K, used 54551K [0x00000000c0000000, 0x0000000100000000)
  region size 1024K, 40 young (40960K), 5 survivors (5120K)
 Metaspace       used 27566K, committed 27776K, reserved 1114112K
  class space    used 3479K, committed 3584K, reserved 1048576K
}
Event: 2.913 GC heap after
{Heap after GC invocations=5 (full 0):
 garbage-first heap   total 75776K, used 23755K [0x00000000c0000000, 0x0000000100000000)
  region size 1024K, 6 young (6144K), 6 survivors (6144K)
 Metaspace       used 27566K, committed 27776K, reserved 1114112K
  class space    used 3479K, committed 3584K, reserved 1048576K
}
Event: 3.723 GC heap before
{Heap before GC invocations=5 (full 0):
 garbage-first heap   total 75776K, used 49355K [0x00000000c0000000, 0x0000000100000000)
  region size 1024K, 31 young (31744K), 6 survivors (6144K)
 Metaspace       used 31811K, committed 32256K, reserved 1114112K
  class space    used 4069K, committed 4288K, reserved 1048576K
}
Event: 3.736 GC heap after
{Heap after GC invocations=6 (full 0):
 garbage-first heap   total 75776K, used 25430K [0x00000000c0000000, 0x0000000100000000)
  region size 1024K, 2 young (2048K), 2 survivors (2048K)
 Metaspace       used 31811K, committed 32256K, reserved 1114112K
  class space    used 4069K, committed 4288K, reserved 1048576K
}
Event: 4.431 GC heap before
{Heap before GC invocations=6 (full 0):
 garbage-first heap   total 75776K, used 51030K [0x00000000c0000000, 0x0000000100000000)
  region size 1024K, 28 young (28672K), 2 survivors (2048K)
 Metaspace       used 35341K, committed 35776K, reserved 1114112K
  class space    used 4595K, committed 4800K, reserved 1048576K
}
Event: 4.440 GC heap after
{Heap after GC invocations=7 (full 0):
 garbage-first heap   total 75776K, used 27922K [0x00000000c0000000, 0x0000000100000000)
  region size 1024K, 4 young (4096K), 4 survivors (4096K)
 Metaspace       used 35341K, committed 35776K, reserved 1114112K
  class space    used 4595K, committed 4800K, reserved 1048576K
}
Event: 4.509 GC heap before
{Heap before GC invocations=7 (full 0):
 garbage-first heap   total 75776K, used 29970K [0x00000000c0000000, 0x0000000100000000)
  region size 1024K, 7 young (7168K), 4 survivors (4096K)
 Metaspace       used 35778K, committed 36096K, reserved 1114112K
  class space    used 4656K, committed 4800K, reserved 1048576K
}
Event: 4.517 GC heap after
{Heap after GC invocations=8 (full 0):
 garbage-first heap   total 91136K, used 28758K [0x00000000c0000000, 0x0000000100000000)
  region size 1024K, 1 young (1024K), 1 survivors (1024K)
 Metaspace       used 35778K, committed 36096K, reserved 1114112K
  class space    used 4656K, committed 4800K, reserved 1048576K
}
Event: 5.615 GC heap before
{Heap before GC invocations=9 (full 0):
 garbage-first heap   total 91136K, used 66646K [0x00000000c0000000, 0x0000000100000000)
  region size 1024K, 39 young (39936K), 1 survivors (1024K)
 Metaspace       used 41810K, committed 42240K, reserved 1114112K
  class space    used 5535K, committed 5696K, reserved 1048576K
}
Event: 5.624 GC heap after
{Heap after GC invocations=10 (full 0):
 garbage-first heap   total 91136K, used 31124K [0x00000000c0000000, 0x0000000100000000)
  region size 1024K, 4 young (4096K), 4 survivors (4096K)
 Metaspace       used 41810K, committed 42240K, reserved 1114112K
  class space    used 5535K, committed 5696K, reserved 1048576K
}
Event: 6.131 GC heap before
{Heap before GC invocations=10 (full 0):
 garbage-first heap   total 91136K, used 67988K [0x00000000c0000000, 0x0000000100000000)
  region size 1024K, 40 young (40960K), 4 survivors (4096K)
 Metaspace       used 47664K, committed 48128K, reserved 1114112K
  class space    used 6022K, committed 6208K, reserved 1048576K
}
Event: 6.138 GC heap after
{Heap after GC invocations=11 (full 0):
 garbage-first heap   total 91136K, used 36696K [0x00000000c0000000, 0x0000000100000000)
  region size 1024K, 5 young (5120K), 5 survivors (5120K)
 Metaspace       used 47664K, committed 48128K, reserved 1114112K
  class space    used 6022K, committed 6208K, reserved 1048576K
}
Event: 6.553 GC heap before
{Heap before GC invocations=11 (full 0):
 garbage-first heap   total 91136K, used 68440K [0x00000000c0000000, 0x0000000100000000)
  region size 1024K, 36 young (36864K), 5 survivors (5120K)
 Metaspace       used 53808K, committed 54208K, reserved 1114112K
  class space    used 6812K, committed 6976K, reserved 1048576K
}
Event: 6.559 GC heap after
{Heap after GC invocations=12 (full 0):
 garbage-first heap   total 91136K, used 40127K [0x00000000c0000000, 0x0000000100000000)
  region size 1024K, 3 young (3072K), 3 survivors (3072K)
 Metaspace       used 53808K, committed 54208K, reserved 1114112K
  class space    used 6812K, committed 6976K, reserved 1048576K
}
Event: 415.511 GC heap before
{Heap before GC invocations=12 (full 0):
 garbage-first heap   total 91136K, used 68799K [0x00000000c0000000, 0x0000000100000000)
  region size 1024K, 32 young (32768K), 3 survivors (3072K)
 Metaspace       used 58468K, committed 59008K, reserved 1114112K
  class space    used 7342K, committed 7616K, reserved 1048576K
}
Event: 415.518 GC heap after
{Heap after GC invocations=13 (full 0):
 garbage-first heap   total 91136K, used 42351K [0x00000000c0000000, 0x0000000100000000)
  region size 1024K, 3 young (3072K), 3 survivors (3072K)
 Metaspace       used 58468K, committed 59008K, reserved 1114112K
  class space    used 7342K, committed 7616K, reserved 1048576K
}

