<?xml version="1.0" encoding="UTF-8"?>
<testsuite xmlns:xsi="http://www.w3.org/2001/XMLSchema-instance" xsi:noNamespaceSchemaLocation="https://maven.apache.org/surefire/maven-surefire-plugin/xsd/surefire-test-report-3.0.xsd" version="3.0" name="com.gy.cbl.service.impl.UserServiceImplTest" time="0.96" tests="1" errors="0" skipped="0" failures="0">
  <properties>
[...]
</properties>
  <testcase name="login" classname="com.gy.cbl.service.impl.UserServiceImplTest" time="0.074">
    <system-out><![CDATA[i7Jff6Co3gTHrms+a+fPyd/I6JhynGt/nN2NP5Nl8eaUreR4kJS8X6+wEGYVXSd2
]]></system-out>
  </testcase>
</testsuite>